{"/home/innoji/worktrees/kormarc.man/SPEC-FRONTEND-001/app/page.tsx": {"path":"/home/innoji/worktrees/kormarc.man/SPEC-FRONTEND-001/app/page.tsx","statementMap":{"0":{"start":{"line":13,"column":2},"end":{"line":49,"column":null}}},"fnMap":{"0":{"name":"HomePage","decl":{"start":{"line":12,"column":24},"end":{"line":12,"column":35}},"loc":{"start":{"line":12,"column":35},"end":{"line":51,"column":null}},"line":12}},"branchMap":{},"s":{"0":8},"f":{"0":8},"b":{},"meta":{"lastBranch":0,"lastFunction":1,"lastStatement":1,"seen":{"f:12:24:12:35":0,"s:13:2:49:Infinity":0}}}
,"/home/innoji/worktrees/kormarc.man/SPEC-FRONTEND-001/app/components/BookInfoForm.tsx": {"path":"/home/innoji/worktrees/kormarc.man/SPEC-FRONTEND-001/app/components/BookInfoForm.tsx","statementMap":{"0":{"start":{"line":9,"column":21},"end":{"line":9,"column":null}},"1":{"start":{"line":20,"column":39},"end":{"line":51,"column":null}},"2":{"start":{"line":60,"column":28},"end":{"line":60,"column":null}},"3":{"start":{"line":65,"column":2},"end":{"line":68,"column":null}},"4":{"start":{"line":76,"column":19},"end":{"line":99,"column":null}},"5":{"start":{"line":77,"column":4},"end":{"line":77,"column":null}},"6":{"start":{"line":78,"column":4},"end":{"line":98,"column":null}},"7":{"start":{"line":79,"column":23},"end":{"line":85,"column":null}},"8":{"start":{"line":87,"column":6},"end":{"line":89,"column":null}},"9":{"start":{"line":88,"column":8},"end":{"line":88,"column":null}},"10":{"start":{"line":92,"column":21},"end":{"line":92,"column":null}},"11":{"start":{"line":93,"column":6},"end":{"line":93,"column":null}},"12":{"start":{"line":95,"column":6},"end":{"line":95,"column":null}},"13":{"start":{"line":97,"column":6},"end":{"line":97,"column":null}},"14":{"start":{"line":105,"column":26},"end":{"line":129,"column":null}},"15":{"start":{"line":106,"column":22},"end":{"line":106,"column":null}},"16":{"start":{"line":107,"column":23},"end":{"line":107,"column":null}},"17":{"start":{"line":109,"column":4},"end":{"line":127,"column":null}},"18":{"start":{"line":131,"column":2},"end":{"line":143,"column":null}}},"fnMap":{"0":{"name":"BookInfoForm","decl":{"start":{"line":59,"column":16},"end":{"line":59,"column":31}},"loc":{"start":{"line":59,"column":31},"end":{"line":145,"column":null}},"line":59},"1":{"name":"(anonymous_1)","decl":{"start":{"line":76,"column":19},"end":{"line":76,"column":26}},"loc":{"start":{"line":76,"column":45},"end":{"line":99,"column":null}},"line":76},"2":{"name":"(anonymous_2)","decl":{"start":{"line":105,"column":26},"end":{"line":105,"column":27}},"loc":{"start":{"line":105,"column":54},"end":{"line":129,"column":null}},"line":105}},"branchMap":{"0":{"loc":{"start":{"line":87,"column":6},"end":{"line":89,"column":null}},"type":"if","locations":[{"start":{"line":87,"column":6},"end":{"line":89,"column":null}},{"start":{},"end":{}}],"line":87},"1":{"loc":{"start":{"line":117,"column":12},"end":{"line":117,"column":null}},"type":"cond-expr","locations":[{"start":{"line":117,"column":46},"end":{"line":117,"column":72}},{"start":{"line":117,"column":72},"end":{"line":117,"column":null}}],"line":117},"2":{"loc":{"start":{"line":124,"column":9},"end":{"line":125,"column":null}},"type":"binary-expr","locations":[{"start":{"line":124,"column":9},"end":{"line":124,"column":null}},{"start":{"line":125,"column":10},"end":{"line":125,"column":null}}],"line":124},"3":{"loc":{"start":{"line":138,"column":18},"end":{"line":138,"column":null}},"type":"binary-expr","locations":[{"start":{"line":138,"column":18},"end":{"line":138,"column":30}},{"start":{"line":138,"column":30},"end":{"line":138,"column":null}}],"line":138},"4":{"loc":{"start":{"line":141,"column":9},"end":{"line":141,"column":null}},"type":"cond-expr","locations":[{"start":{"line":141,"column":19},"end":{"line":141,"column":39}},{"start":{"line":141,"column":39},"end":{"line":141,"column":null}}],"line":141}},"s":{"0":2,"1":2,"2":50,"3":50,"4":50,"5":2,"6":2,"7":2,"8":2,"9":0,"10":2,"11":2,"12":0,"13":2,"14":50,"15":250,"16":250,"17":250,"18":50},"f":{"0":50,"1":2,"2":250},"b":{"0":[0,2],"1":[50,200],"2":[250,8],"3":[50,5],"4":[1,49]},"meta":{"lastBranch":5,"lastFunction":3,"lastStatement":19,"seen":{"s:9:21:9:Infinity":0,"s:20:39:51:Infinity":1,"f:59:16:59:31":0,"s:60:28:60:Infinity":2,"s:65:2:68:Infinity":3,"s:76:19:99:Infinity":4,"f:76:19:76:26":1,"s:77:4:77:Infinity":5,"s:78:4:98:Infinity":6,"s:79:23:85:Infinity":7,"b:87:6:89:Infinity:undefined:undefined:undefined:undefined":0,"s:87:6:89:Infinity":8,"s:88:8:88:Infinity":9,"s:92:21:92:Infinity":10,"s:93:6:93:Infinity":11,"s:95:6:95:Infinity":12,"s:97:6:97:Infinity":13,"s:105:26:129:Infinity":14,"f:105:26:105:27":2,"s:106:22:106:Infinity":15,"s:107:23:107:Infinity":16,"s:109:4:127:Infinity":17,"b:117:46:117:72:117:72:117:Infinity":1,"b:124:9:124:Infinity:125:10:125:Infinity":2,"s:131:2:143:Infinity":18,"b:138:18:138:30:138:30:138:Infinity":3,"b:141:19:141:39:141:39:141:Infinity":4}}}
,"/home/innoji/worktrees/kormarc.man/SPEC-FRONTEND-001/app/components/ExportButtons.tsx": {"path":"/home/innoji/worktrees/kormarc.man/SPEC-FRONTEND-001/app/components/ExportButtons.tsx","statementMap":{"0":{"start":{"line":24,"column":25},"end":{"line":33,"column":null}},"1":{"start":{"line":25,"column":20},"end":{"line":25,"column":null}},"2":{"start":{"line":26,"column":26},"end":{"line":26,"column":null}},"3":{"start":{"line":27,"column":17},"end":{"line":27,"column":null}},"4":{"start":{"line":28,"column":16},"end":{"line":28,"column":null}},"5":{"start":{"line":29,"column":17},"end":{"line":29,"column":null}},"6":{"start":{"line":30,"column":4},"end":{"line":30,"column":null}},"7":{"start":{"line":31,"column":4},"end":{"line":31,"column":null}},"8":{"start":{"line":32,"column":4},"end":{"line":32,"column":null}},"9":{"start":{"line":39,"column":21},"end":{"line":42,"column":null}},"10":{"start":{"line":40,"column":20},"end":{"line":40,"column":null}},"11":{"start":{"line":41,"column":4},"end":{"line":41,"column":null}},"12":{"start":{"line":44,"column":2},"end":{"line":70,"column":null}},"13":{"start":{"line":47,"column":23},"end":{"line":47,"column":null}},"14":{"start":{"line":53,"column":23},"end":{"line":53,"column":null}},"15":{"start":{"line":59,"column":23},"end":{"line":59,"column":null}},"16":{"start":{"line":65,"column":23},"end":{"line":65,"column":null}}},"fnMap":{"0":{"name":"ExportButtons","decl":{"start":{"line":19,"column":16},"end":{"line":19,"column":30}},"loc":{"start":{"line":19,"column":63},"end":{"line":72,"column":null}},"line":19},"1":{"name":"(anonymous_1)","decl":{"start":{"line":24,"column":25},"end":{"line":24,"column":26}},"loc":{"start":{"line":24,"column":57},"end":{"line":33,"column":null}},"line":24},"2":{"name":"(anonymous_2)","decl":{"start":{"line":39,"column":21},"end":{"line":39,"column":28}},"loc":{"start":{"line":39,"column":59},"end":{"line":42,"column":null}},"line":39},"3":{"name":"(anonymous_3)","decl":{"start":{"line":47,"column":17},"end":{"line":47,"column":23}},"loc":{"start":{"line":47,"column":23},"end":{"line":47,"column":null}},"line":47},"4":{"name":"(anonymous_4)","decl":{"start":{"line":53,"column":17},"end":{"line":53,"column":23}},"loc":{"start":{"line":53,"column":23},"end":{"line":53,"column":null}},"line":53},"5":{"name":"(anonymous_5)","decl":{"start":{"line":59,"column":17},"end":{"line":59,"column":23}},"loc":{"start":{"line":59,"column":23},"end":{"line":59,"column":null}},"line":59},"6":{"name":"(anonymous_6)","decl":{"start":{"line":65,"column":17},"end":{"line":65,"column":23}},"loc":{"start":{"line":65,"column":23},"end":{"line":65,"column":null}},"line":65}},"branchMap":{"0":{"loc":{"start":{"line":25,"column":20},"end":{"line":25,"column":null}},"type":"cond-expr","locations":[{"start":{"line":25,"column":40},"end":{"line":25,"column":52}},{"start":{"line":25,"column":52},"end":{"line":25,"column":null}}],"line":25},"1":{"loc":{"start":{"line":26,"column":26},"end":{"line":26,"column":null}},"type":"cond-expr","locations":[{"start":{"line":26,"column":46},"end":{"line":26,"column":55}},{"start":{"line":26,"column":55},"end":{"line":26,"column":null}}],"line":26},"2":{"loc":{"start":{"line":40,"column":20},"end":{"line":40,"column":null}},"type":"cond-expr","locations":[{"start":{"line":40,"column":40},"end":{"line":40,"column":52}},{"start":{"line":40,"column":52},"end":{"line":40,"column":null}}],"line":40}},"s":{"0":7,"1":0,"2":0,"3":0,"4":0,"5":0,"6":0,"7":0,"8":0,"9":7,"10":2,"11":2,"12":7,"13":0,"14":1,"15":0,"16":1},"f":{"0":7,"1":0,"2":2,"3":0,"4":1,"5":0,"6":1},"b":{"0":[0,0],"1":[0,0],"2":[1,1]},"meta":{"lastBranch":3,"lastFunction":7,"lastStatement":17,"seen":{"f:19:16:19:30":0,"s:24:25:33:Infinity":0,"f:24:25:24:26":1,"s:25:20:25:Infinity":1,"b:25:40:25:52:25:52:25:Infinity":0,"s:26:26:26:Infinity":2,"b:26:46:26:55:26:55:26:Infinity":1,"s:27:17:27:Infinity":3,"s:28:16:28:Infinity":4,"s:29:17:29:Infinity":5,"s:30:4:30:Infinity":6,"s:31:4:31:Infinity":7,"s:32:4:32:Infinity":8,"s:39:21:42:Infinity":9,"f:39:21:39:28":2,"s:40:20:40:Infinity":10,"b:40:40:40:52:40:52:40:Infinity":2,"s:41:4:41:Infinity":11,"s:44:2:70:Infinity":12,"f:47:17:47:23":3,"s:47:23:47:Infinity":13,"f:53:17:53:23":4,"s:53:23:53:Infinity":14,"f:59:17:59:23":5,"s:59:23:59:Infinity":15,"f:65:17:65:23":6,"s:65:23:65:Infinity":16}}}
,"/home/innoji/worktrees/kormarc.man/SPEC-FRONTEND-001/app/components/KORMARCPreview.tsx": {"path":"/home/innoji/worktrees/kormarc.man/SPEC-FRONTEND-001/app/components/KORMARCPreview.tsx","statementMap":{"0":{"start":{"line":21,"column":32},"end":{"line":21,"column":null}},"1":{"start":{"line":23,"column":2},"end":{"line":60,"column":null}},"2":{"start":{"line":30,"column":25},"end":{"line":30,"column":null}},"3":{"start":{"line":42,"column":25},"end":{"line":42,"column":null}}},"fnMap":{"0":{"name":"KORMARCPreview","decl":{"start":{"line":20,"column":16},"end":{"line":20,"column":31}},"loc":{"start":{"line":20,"column":64},"end":{"line":62,"column":null}},"line":20},"1":{"name":"(anonymous_1)","decl":{"start":{"line":30,"column":19},"end":{"line":30,"column":25}},"loc":{"start":{"line":30,"column":25},"end":{"line":30,"column":null}},"line":30},"2":{"name":"(anonymous_2)","decl":{"start":{"line":42,"column":19},"end":{"line":42,"column":25}},"loc":{"start":{"line":42,"column":25},"end":{"line":42,"column":null}},"line":42}},"branchMap":{"0":{"loc":{"start":{"line":32,"column":12},"end":{"line":34,"column":null}},"type":"cond-expr","locations":[{"start":{"line":33,"column":16},"end":{"line":33,"column":null}},{"start":{"line":34,"column":16},"end":{"line":34,"column":null}}],"line":32},"1":{"loc":{"start":{"line":44,"column":12},"end":{"line":46,"column":null}},"type":"cond-expr","locations":[{"start":{"line":45,"column":16},"end":{"line":45,"column":null}},{"start":{"line":46,"column":16},"end":{"line":46,"column":null}}],"line":44},"2":{"loc":{"start":{"line":58,"column":9},"end":{"line":58,"column":null}},"type":"cond-expr","locations":[{"start":{"line":58,"column":32},"end":{"line":58,"column":44}},{"start":{"line":58,"column":44},"end":{"line":58,"column":null}}],"line":58}},"s":{"0":12,"1":12,"2":1,"3":3},"f":{"0":12,"1":1,"2":3},"b":{"0":[9,3],"1":[3,9],"2":[9,3]},"meta":{"lastBranch":3,"lastFunction":3,"lastStatement":4,"seen":{"f:20:16:20:31":0,"s:21:32:21:Infinity":0,"s:23:2:60:Infinity":1,"f:30:19:30:25":1,"s:30:25:30:Infinity":2,"b:33:16:33:Infinity:34:16:34:Infinity":0,"f:42:19:42:25":2,"s:42:25:42:Infinity":3,"b:45:16:45:Infinity:46:16:46:Infinity":1,"b:58:32:58:44:58:44:58:Infinity":2}}}
,"/home/innoji/worktrees/kormarc.man/SPEC-FRONTEND-001/app/components/LoadingSpinner.tsx": {"path":"/home/innoji/worktrees/kormarc.man/SPEC-FRONTEND-001/app/components/LoadingSpinner.tsx","statementMap":{"0":{"start":{"line":12,"column":2},"end":{"line":12,"column":null}},"1":{"start":{"line":12,"column":16},"end":{"line":12,"column":null}},"2":{"start":{"line":14,"column":2},"end":{"line":21,"column":null}}},"fnMap":{"0":{"name":"LoadingSpinner","decl":{"start":{"line":11,"column":16},"end":{"line":11,"column":31}},"loc":{"start":{"line":11,"column":66},"end":{"line":23,"column":null}},"line":11}},"branchMap":{"0":{"loc":{"start":{"line":12,"column":2},"end":{"line":12,"column":null}},"type":"if","locations":[{"start":{"line":12,"column":2},"end":{"line":12,"column":null}},{"start":{},"end":{}}],"line":12}},"s":{"0":7,"1":2,"2":5},"f":{"0":7},"b":{"0":[2,5]},"meta":{"lastBranch":1,"lastFunction":1,"lastStatement":3,"seen":{"f:11:16:11:31":0,"b:12:2:12:Infinity:undefined:undefined:undefined:undefined":0,"s:12:2:12:Infinity":0,"s:12:16:12:Infinity":1,"s:14:2:21:Infinity":2}}}
,"/home/innoji/worktrees/kormarc.man/SPEC-FRONTEND-001/app/components/ValidationStatus.tsx": {"path":"/home/innoji/worktrees/kormarc.man/SPEC-FRONTEND-001/app/components/ValidationStatus.tsx","statementMap":{"0":{"start":{"line":30,"column":25},"end":{"line":40,"column":null}},"1":{"start":{"line":31,"column":4},"end":{"line":39,"column":null}},"2":{"start":{"line":33,"column":8},"end":{"line":33,"column":null}},"3":{"start":{"line":35,"column":8},"end":{"line":35,"column":null}},"4":{"start":{"line":38,"column":8},"end":{"line":38,"column":null}},"5":{"start":{"line":42,"column":24},"end":{"line":52,"column":null}},"6":{"start":{"line":43,"column":4},"end":{"line":51,"column":null}},"7":{"start":{"line":45,"column":8},"end":{"line":45,"column":null}},"8":{"start":{"line":47,"column":8},"end":{"line":47,"column":null}},"9":{"start":{"line":50,"column":8},"end":{"line":50,"column":null}},"10":{"start":{"line":54,"column":2},"end":{"line":72,"column":null}},"11":{"start":{"line":58,"column":8},"end":{"line":70,"column":null}}},"fnMap":{"0":{"name":"ValidationStatus","decl":{"start":{"line":29,"column":16},"end":{"line":29,"column":33}},"loc":{"start":{"line":29,"column":73},"end":{"line":74,"column":null}},"line":29},"1":{"name":"(anonymous_1)","decl":{"start":{"line":30,"column":25},"end":{"line":30,"column":26}},"loc":{"start":{"line":30,"column":45},"end":{"line":40,"column":null}},"line":30},"2":{"name":"(anonymous_2)","decl":{"start":{"line":42,"column":24},"end":{"line":42,"column":25}},"loc":{"start":{"line":42,"column":44},"end":{"line":52,"column":null}},"line":42},"3":{"name":"(anonymous_3)","decl":{"start":{"line":57,"column":17},"end":{"line":57,"column":18}},"loc":{"start":{"line":58,"column":8},"end":{"line":70,"column":null}},"line":58}},"branchMap":{"0":{"loc":{"start":{"line":31,"column":4},"end":{"line":39,"column":null}},"type":"switch","locations":[{"start":{"line":32,"column":6},"end":{"line":33,"column":null}},{"start":{"line":34,"column":6},"end":{"line":35,"column":null}},{"start":{"line":36,"column":6},"end":{"line":36,"column":null}},{"start":{"line":37,"column":6},"end":{"line":38,"column":null}}],"line":31},"1":{"loc":{"start":{"line":43,"column":4},"end":{"line":51,"column":null}},"type":"switch","locations":[{"start":{"line":44,"column":6},"end":{"line":45,"column":null}},{"start":{"line":46,"column":6},"end":{"line":47,"column":null}},{"start":{"line":48,"column":6},"end":{"line":48,"column":null}},{"start":{"line":49,"column":6},"end":{"line":50,"column":null}}],"line":43}},"s":{"0":7,"1":35,"2":15,"3":10,"4":10,"5":7,"6":35,"7":15,"8":10,"9":10,"10":7,"11":35},"f":{"0":7,"1":35,"2":35,"3":35},"b":{"0":[15,10,10,10],"1":[15,10,10,10]},"meta":{"lastBranch":2,"lastFunction":4,"lastStatement":12,"seen":{"f:29:16:29:33":0,"s:30:25:40:Infinity":0,"f:30:25:30:26":1,"b:32:6:33:Infinity:34:6:35:Infinity:36:6:36:Infinity:37:6:38:Infinity":0,"s:31:4:39:Infinity":1,"s:33:8:33:Infinity":2,"s:35:8:35:Infinity":3,"s:38:8:38:Infinity":4,"s:42:24:52:Infinity":5,"f:42:24:42:25":2,"b:44:6:45:Infinity:46:6:47:Infinity:48:6:48:Infinity:49:6:50:Infinity":1,"s:43:4:51:Infinity":6,"s:45:8:45:Infinity":7,"s:47:8:47:Infinity":8,"s:50:8:50:Infinity":9,"s:54:2:72:Infinity":10,"f:57:17:57:18":3,"s:58:8:70:Infinity":11}}}
,"/home/innoji/worktrees/kormarc.man/SPEC-FRONTEND-001/app/lib/api-client.ts": {"path":"/home/innoji/worktrees/kormarc.man/SPEC-FRONTEND-001/app/lib/api-client.ts","statementMap":{"0":{"start":{"line":37,"column":19},"end":{"line":41,"column":null}},"1":{"start":{"line":43,"column":2},"end":{"line":45,"column":null}},"2":{"start":{"line":44,"column":4},"end":{"line":44,"column":null}},"3":{"start":{"line":47,"column":2},"end":{"line":47,"column":null}}},"fnMap":{"0":{"name":"buildKORMARC","decl":{"start":{"line":36,"column":22},"end":{"line":36,"column":35}},"loc":{"start":{"line":36,"column":73},"end":{"line":48,"column":null}},"line":36}},"branchMap":{"0":{"loc":{"start":{"line":43,"column":2},"end":{"line":45,"column":null}},"type":"if","locations":[{"start":{"line":43,"column":2},"end":{"line":45,"column":null}},{"start":{},"end":{}}],"line":43}},"s":{"0":6,"1":5,"2":1,"3":4},"f":{"0":6},"b":{"0":[1,4]},"meta":{"lastBranch":1,"lastFunction":1,"lastStatement":4,"seen":{"f:36:22:36:35":0,"s:37:19:41:Infinity":0,"b:43:2:45:Infinity:undefined:undefined:undefined:undefined":0,"s:43:2:45:Infinity":1,"s:44:4:44:Infinity":2,"s:47:2:47:Infinity":3}}}
,"/home/innoji/worktrees/kormarc.man/SPEC-FRONTEND-001/app/lib/validators.ts": {"path":"/home/innoji/worktrees/kormarc.man/SPEC-FRONTEND-001/app/lib/validators.ts","statementMap":{"0":{"start":{"line":4,"column":21},"end":{"line":4,"column":null}},"1":{"start":{"line":7,"column":28},"end":{"line":7,"column":null}},"2":{"start":{"line":9,"column":29},"end":{"line":9,"column":null}},"3":{"start":{"line":11,"column":24},"end":{"line":11,"column":null}},"4":{"start":{"line":27,"column":2},"end":{"line":29,"column":null}},"5":{"start":{"line":28,"column":4},"end":{"line":28,"column":null}},"6":{"start":{"line":32,"column":12},"end":{"line":32,"column":null}},"7":{"start":{"line":33,"column":2},"end":{"line":37,"column":null}},"8":{"start":{"line":33,"column":15},"end":{"line":33,"column":18}},"9":{"start":{"line":34,"column":18},"end":{"line":34,"column":null}},"10":{"start":{"line":35,"column":23},"end":{"line":35,"column":null}},"11":{"start":{"line":36,"column":4},"end":{"line":36,"column":null}},"12":{"start":{"line":39,"column":8},"end":{"line":39,"column":null}},"13":{"start":{"line":40,"column":2},"end":{"line":40,"column":null}},"14":{"start":{"line":44,"column":29},"end":{"line":44,"column":null}},"15":{"start":{"line":50,"column":23},"end":{"line":50,"column":null}},"16":{"start":{"line":64,"column":30},"end":{"line":74,"column":null}}},"fnMap":{"0":{"name":"validateISBN","decl":{"start":{"line":25,"column":16},"end":{"line":25,"column":29}},"loc":{"start":{"line":25,"column":52},"end":{"line":41,"column":null}},"line":25},"1":{"name":"(anonymous_1)","decl":{"start":{"line":50,"column":23},"end":{"line":50,"column":37}},"loc":{"start":{"line":50,"column":23},"end":{"line":50,"column":null}},"line":50}},"branchMap":{"0":{"loc":{"start":{"line":27,"column":2},"end":{"line":29,"column":null}},"type":"if","locations":[{"start":{"line":27,"column":2},"end":{"line":29,"column":null}},{"start":{},"end":{}}],"line":27},"1":{"loc":{"start":{"line":35,"column":23},"end":{"line":35,"column":null}},"type":"cond-expr","locations":[{"start":{"line":35,"column":37},"end":{"line":35,"column":59}},{"start":{"line":35,"column":59},"end":{"line":35,"column":null}}],"line":35}},"s":{"0":3,"1":3,"2":3,"3":3,"4":154,"5":78,"6":76,"7":76,"8":76,"9":912,"10":912,"11":912,"12":76,"13":76,"14":3,"15":6,"16":3},"f":{"0":154,"1":6},"b":{"0":[78,76],"1":[456,456]},"meta":{"lastBranch":2,"lastFunction":2,"lastStatement":17,"seen":{"s:4:21:4:Infinity":0,"s:7:28:7:Infinity":1,"s:9:29:9:Infinity":2,"s:11:24:11:Infinity":3,"f:25:16:25:29":0,"b:27:2:29:Infinity:undefined:undefined:undefined:undefined":0,"s:27:2:29:Infinity":4,"s:28:4:28:Infinity":5,"s:32:12:32:Infinity":6,"s:33:2:37:Infinity":7,"s:33:15:33:18":8,"s:34:18:34:Infinity":9,"s:35:23:35:Infinity":10,"b:35:37:35:59:35:59:35:Infinity":1,"s:36:4:36:Infinity":11,"s:39:8:39:Infinity":12,"s:40:2:40:Infinity":13,"s:44:29:44:Infinity":14,"s:50:23:50:Infinity":15,"f:50:23:50:37":1,"s:64:30:74:Infinity":16}}}
}
