TN:
SF:app/page.tsx
FN:12,HomePage
FNF:1
FNH:1
FNDA:8,HomePage
DA:13,8
LF:1
LH:1
BRF:0
BRH:0
end_of_record
TN:
SF:app/components/BookInfoForm.tsx
FN:59,BookInfoForm
FN:76,(anonymous_1)
FN:105,(anonymous_2)
FNF:3
FNH:3
FNDA:50,BookInfoForm
FNDA:2,(anonymous_1)
FNDA:250,(anonymous_2)
DA:9,2
DA:20,2
DA:60,50
DA:65,50
DA:76,50
DA:77,2
DA:78,2
DA:79,2
DA:87,2
DA:88,0
DA:92,2
DA:93,2
DA:95,0
DA:97,2
DA:105,50
DA:106,250
DA:107,250
DA:109,250
DA:131,50
LF:19
LH:17
BRDA:87,0,0,0
BRDA:87,0,1,2
BRDA:117,1,0,50
BRDA:117,1,1,200
BRDA:124,2,0,250
BRDA:124,2,1,8
BRDA:138,3,0,50
BRDA:138,3,1,5
BRDA:141,4,0,1
BRDA:141,4,1,49
BRF:10
BRH:9
end_of_record
TN:
SF:app/components/ExportButtons.tsx
FN:19,ExportButtons
FN:24,(anonymous_1)
FN:39,(anonymous_2)
FN:47,(anonymous_3)
FN:53,(anonymous_4)
FN:59,(anonymous_5)
FN:65,(anonymous_6)
FNF:7
FNH:4
FNDA:7,ExportButtons
FNDA:0,(anonymous_1)
FNDA:2,(anonymous_2)
FNDA:0,(anonymous_3)
FNDA:1,(anonymous_4)
FNDA:0,(anonymous_5)
FNDA:1,(anonymous_6)
DA:24,7
DA:25,0
DA:26,0
DA:27,0
DA:28,0
DA:29,0
DA:30,0
DA:31,0
DA:32,0
DA:39,7
DA:40,2
DA:41,2
DA:44,7
DA:47,0
DA:53,1
DA:59,0
DA:65,1
LF:17
LH:7
BRDA:25,0,0,0
BRDA:25,0,1,0
BRDA:26,1,0,0
BRDA:26,1,1,0
BRDA:40,2,0,1
BRDA:40,2,1,1
BRF:6
BRH:2
end_of_record
TN:
SF:app/components/KORMARCPreview.tsx
FN:20,KORMARCPreview
FN:30,(anonymous_1)
FN:42,(anonymous_2)
FNF:3
FNH:3
FNDA:12,KORMARCPreview
FNDA:1,(anonymous_1)
FNDA:3,(anonymous_2)
DA:21,12
DA:23,12
DA:30,1
DA:42,3
LF:4
LH:4
BRDA:32,0,0,9
BRDA:32,0,1,3
BRDA:44,1,0,3
BRDA:44,1,1,9
BRDA:58,2,0,9
BRDA:58,2,1,3
BRF:6
BRH:6
end_of_record
TN:
SF:app/components/LoadingSpinner.tsx
FN:11,LoadingSpinner
FNF:1
FNH:1
FNDA:7,LoadingSpinner
DA:12,7
DA:14,5
LF:2
LH:2
BRDA:12,0,0,2
BRDA:12,0,1,5
BRF:2
BRH:2
end_of_record
TN:
SF:app/components/ValidationStatus.tsx
FN:29,ValidationStatus
FN:30,(anonymous_1)
FN:42,(anonymous_2)
FN:57,(anonymous_3)
FNF:4
FNH:4
FNDA:7,ValidationStatus
FNDA:35,(anonymous_1)
FNDA:35,(anonymous_2)
FNDA:35,(anonymous_3)
DA:30,7
DA:31,35
DA:33,15
DA:35,10
DA:38,10
DA:42,7
DA:43,35
DA:45,15
DA:47,10
DA:50,10
DA:54,7
DA:58,35
LF:12
LH:12
BRDA:31,0,0,15
BRDA:31,0,1,10
BRDA:31,0,2,10
BRDA:31,0,3,10
BRDA:43,1,0,15
BRDA:43,1,1,10
BRDA:43,1,2,10
BRDA:43,1,3,10
BRF:8
BRH:8
end_of_record
TN:
SF:app/lib/api-client.ts
FN:36,buildKORMARC
FNF:1
FNH:1
FNDA:6,buildKORMARC
DA:37,6
DA:43,5
DA:44,1
DA:47,4
LF:4
LH:4
BRDA:43,0,0,1
BRDA:43,0,1,4
BRF:2
BRH:2
end_of_record
TN:
SF:app/lib/validators.ts
FN:25,validateISBN
FN:50,(anonymous_1)
FNF:2
FNH:2
FNDA:154,validateISBN
FNDA:6,(anonymous_1)
DA:4,3
DA:7,3
DA:9,3
DA:11,3
DA:27,154
DA:28,78
DA:32,76
DA:33,76
DA:34,912
DA:35,912
DA:36,912
DA:39,76
DA:40,76
DA:44,3
DA:50,6
DA:64,3
LF:16
LH:16
BRDA:27,0,0,78
BRDA:27,0,1,76
BRDA:35,1,0,456
BRDA:35,1,1,456
BRF:4
BRH:4
end_of_record
